# JRE version: OpenJDK Runtime Environment (8.0_152-b01) (build 1.8.0_152-release-1343-b01)
# Java VM: OpenJDK 64-Bit Server VM (25.152-b01 mixed mode windows-amd64 compressed oops)
Heap:
 PSYoungGen      total 439296K, used 308561K [0x00000000e0000000, 0x00000000fe400000, 0x0000000100000000)
  eden space 425984K, 69% used [0x00000000e0000000,0x00000000f213bb00,0x00000000fa000000)
  from space 13312K, 93% used [0x00000000fd700000,0x00000000fe318cd0,0x00000000fe400000)
  to   space 34816K, 0% used [0x00000000fa000000,0x00000000fa000000,0x00000000fc200000)
 ParOldGen       total 230912K, used 107192K [0x00000000a0000000, 0x00000000ae180000, 0x00000000e0000000)
  object space 230912K, 46% used [0x00000000a0000000,0x00000000a68ae3c0,0x00000000ae180000)
 Metaspace       used 142735K, capacity 150874K, committed 151168K, reserved 1181696K
  class space    used 17723K, capacity 19033K, committed 19072K, reserved 1048576K
GC Heap History (10 events):
Event: 1658.546 GC heap before
{Heap before GC invocations=42 (full 4):
 PSYoungGen      total 475136K, used 445764K [0x00000000e0000000, 0x00000000ffc80000, 0x0000000100000000)
  eden space 430080K, 100% used [0x00000000e0000000,0x00000000fa400000,0x00000000fa400000)
  from space 45056K, 34% used [0x00000000fa400000,0x00000000fb3513e0,0x00000000fd000000)
  to   space 42496K, 0% used [0x00000000fd300000,0x00000000fd300000,0x00000000ffc80000)
 ParOldGen       total 230912K, used 107160K [0x00000000a0000000, 0x00000000ae180000, 0x00000000e0000000)
  object space 230912K, 46% used [0x00000000a0000000,0x00000000a68a63c0,0x00000000ae180000)
 Metaspace       used 140493K, capacity 147532K, committed 147840K, reserved 1177600K
  class space    used 17504K, capacity 18715K, committed 18816K, reserved 1048576K
Event: 1658.556 GC heap after
Heap after GC invocations=42 (full 4):
 PSYoungGen      total 478208K, used 8860K [0x00000000e0000000, 0x00000000ffb80000, 0x0000000100000000)
  eden space 436736K, 0% used [0x00000000e0000000,0x00000000e0000000,0x00000000faa80000)
  from space 41472K, 21% used [0x00000000fd300000,0x00000000fdba73c0,0x00000000ffb80000)
  to   space 41472K, 0% used [0x00000000faa80000,0x00000000faa80000,0x00000000fd300000)
 ParOldGen       total 230912K, used 107160K [0x00000000a0000000, 0x00000000ae180000, 0x00000000e0000000)
  object space 230912K, 46% used [0x00000000a0000000,0x00000000a68a63c0,0x00000000ae180000)
 Metaspace       used 140493K, capacity 147532K, committed 147840K, reserved 1177600K
  class space    used 17504K, capacity 18715K, committed 18816K, reserved 1048576K
}
Event: 1660.875 GC heap before
{Heap before GC invocations=43 (full 4):
 PSYoungGen      total 478208K, used 445435K [0x00000000e0000000, 0x00000000ffb80000, 0x0000000100000000)
  eden space 436736K, 99% used [0x00000000e0000000,0x00000000faa57b48,0x00000000faa80000)
  from space 41472K, 21% used [0x00000000fd300000,0x00000000fdba73c0,0x00000000ffb80000)
  to   space 41472K, 0% used [0x00000000faa80000,0x00000000faa80000,0x00000000fd300000)
 ParOldGen       total 230912K, used 107160K [0x00000000a0000000, 0x00000000ae180000, 0x00000000e0000000)
  object space 230912K, 46% used [0x00000000a0000000,0x00000000a68a63c0,0x00000000ae180000)
 Metaspace       used 140585K, capacity 147606K, committed 147840K, reserved 1177600K
  class space    used 17506K, capacity 18716K, committed 18816K, reserved 1048576K
Event: 1660.885 GC heap after
Heap after GC invocations=43 (full 4):
 PSYoungGen      total 478208K, used 11923K [0x00000000e0000000, 0x00000000ffd00000, 0x0000000100000000)
  eden space 436736K, 0% used [0x00000000e0000000,0x00000000e0000000,0x00000000faa80000)
  from space 41472K, 28% used [0x00000000faa80000,0x00000000fb624c78,0x00000000fd300000)
  to   space 39936K, 0% used [0x00000000fd600000,0x00000000fd600000,0x00000000ffd00000)
 ParOldGen       total 230912K, used 107168K [0x00000000a0000000, 0x00000000ae180000, 0x00000000e0000000)
  object space 230912K, 46% used [0x00000000a0000000,0x00000000a68a83c0,0x00000000ae180000)
 Metaspace       used 140585K, capacity 147606K, committed 147840K, reserved 1177600K
  class space    used 17506K, capacity 18716K, committed 18816K, reserved 1048576K
}
Event: 1725.515 GC heap before
{Heap before GC invocations=44 (full 4):
 PSYoungGen      total 478208K, used 448659K [0x00000000e0000000, 0x00000000ffd00000, 0x0000000100000000)
  eden space 436736K, 100% used [0x00000000e0000000,0x00000000faa80000,0x00000000faa80000)
  from space 41472K, 28% used [0x00000000faa80000,0x00000000fb624c78,0x00000000fd300000)
  to   space 39936K, 0% used [0x00000000fd600000,0x00000000fd600000,0x00000000ffd00000)
 ParOldGen       total 230912K, used 107168K [0x00000000a0000000, 0x00000000ae180000, 0x00000000e0000000)
  object space 230912K, 46% used [0x00000000a0000000,0x00000000a68a83c0,0x00000000ae180000)
 Metaspace       used 140893K, capacity 148064K, committed 148352K, reserved 1179648K
  class space    used 17531K, capacity 18757K, committed 18816K, reserved 1048576K
Event: 1725.540 GC heap after
Heap after GC invocations=44 (full 4):
 PSYoungGen      total 481792K, used 9824K [0x00000000e0000000, 0x00000000ffc80000, 0x0000000100000000)
  eden space 442368K, 0% used [0x00000000e0000000,0x00000000e0000000,0x00000000fb000000)
  from space 39424K, 24% used [0x00000000fd600000,0x00000000fdf98250,0x00000000ffc80000)
  to   space 38912K, 0% used [0x00000000fb000000,0x00000000fb000000,0x00000000fd600000)
 ParOldGen       total 230912K, used 107176K [0x00000000a0000000, 0x00000000ae180000, 0x00000000e0000000)
  object space 230912K, 46% used [0x00000000a0000000,0x00000000a68aa3c0,0x00000000ae180000)
 Metaspace       used 140893K, capacity 148064K, committed 148352K, reserved 1179648K
  class space    used 17531K, capacity 18757K, committed 18816K, reserved 1048576K
}
Event: 1801.380 GC heap before
{Heap before GC invocations=45 (full 4):
 PSYoungGen      total 481792K, used 451966K [0x00000000e0000000, 0x00000000ffc80000, 0x0000000100000000)
  eden space 442368K, 99% used [0x00000000e0000000,0x00000000fafc7860,0x00000000fb000000)
  from space 39424K, 24% used [0x00000000fd600000,0x00000000fdf98250,0x00000000ffc80000)
  to   space 38912K, 0% used [0x00000000fb000000,0x00000000fb000000,0x00000000fd600000)
 ParOldGen       total 230912K, used 107176K [0x00000000a0000000, 0x00000000ae180000, 0x00000000e0000000)
  object space 230912K, 46% used [0x00000000a0000000,0x00000000a68aa3c0,0x00000000ae180000)
 Metaspace       used 141224K, capacity 148592K, committed 148608K, reserved 1179648K
  class space    used 17564K, capacity 18813K, committed 18816K, reserved 1048576K
Event: 1801.399 GC heap after
Heap after GC invocations=45 (full 4):
 PSYoungGen      total 481280K, used 15794K [0x00000000e0000000, 0x00000000ffa80000, 0x0000000100000000)
  eden space 442368K, 0% used [0x00000000e0000000,0x00000000e0000000,0x00000000fb000000)
  from space 38912K, 40% used [0x00000000fb000000,0x00000000fbf6c820,0x00000000fd600000)
  to   space 36352K, 0% used [0x00000000fd700000,0x00000000fd700000,0x00000000ffa80000)
 ParOldGen       total 230912K, used 107184K [0x00000000a0000000, 0x00000000ae180000, 0x00000000e0000000)
  object space 230912K, 46% used [0x00000000a0000000,0x00000000a68ac3c0,0x00000000ae180000)
 Metaspace       used 141224K, capacity 148592K, committed 148608K, reserved 1179648K
  class space    used 17564K, capacity 18813K, committed 18816K, reserved 1048576K
}
Event: 2518.579 GC heap before
{Heap before GC invocations=46 (full 4):
 PSYoungGen      total 481280K, used 458162K [0x00000000e0000000, 0x00000000ffa80000, 0x0000000100000000)
  eden space 442368K, 100% used [0x00000000e0000000,0x00000000fb000000,0x00000000fb000000)
  from space 38912K, 40% used [0x00000000fb000000,0x00000000fbf6c820,0x00000000fd600000)
  to   space 36352K, 0% used [0x00000000fd700000,0x00000000fd700000,0x00000000ffa80000)
 ParOldGen       total 230912K, used 107184K [0x00000000a0000000, 0x00000000ae180000, 0x00000000e0000000)
  object space 230912K, 46% used [0x00000000a0000000,0x00000000a68ac3c0,0x00000000ae180000)
 Metaspace       used 142632K, capacity 150612K, committed 150656K, reserved 1181696K
  class space    used 17720K, capacity 19032K, committed 19072K, reserved 1048576K
Event: 2518.619 GC heap after
Heap after GC invocations=46 (full 4):
 PSYoungGen      total 439296K, used 12387K [0x00000000e0000000, 0x00000000fe400000, 0x0000000100000000)
  eden space 425984K, 0% used [0x00000000e0000000,0x00000000e0000000,0x00000000fa000000)
  from space 13312K, 93% used [0x00000000fd700000,0x00000000fe318cd0,0x00000000fe400000)
  to   space 34816K, 0% used [0x00000000fa000000,0x00000000fa000000,0x00000000fc200000)
 ParOldGen       total 230912K, used 107192K [0x00000000a0000000, 0x00000000ae180000, 0x00000000e0000000)
  object space 230912K, 46% used [0x00000000a0000000,0x00000000a68ae3c0,0x00000000ae180000)
 Metaspace       used 142632K, capacity 150612K, committed 150656K, reserved 1181696K
  class space    used 17720K, capacity 19032K, committed 19072K, reserved 1048576K
}

